<?xml version="1.0" encoding="utf-8" standalone="no"?>
<!--This file represents the results of running a test suite-->
<test-results name="E:\MyWorks\Kata Contest DB\KataContestDB\DataAccessLayer\bin\Debug\KataContestDAL.dll" total="0" failures="0" not-run="2" date="2008-06-15" time="01:34:36">
  <environment nunit-version="2.4.3.0" clr-version="2.0.50727.1433" os-version="Microsoft Windows NT 5.1.2600 Service Pack 2" platform="Win32NT" cwd="C:\Program Files\NUnit 2.4.3\bin" machine-name="GVHE-WS-226LJ1J" user="GVHE" user-domain="GVHE-WS-226LJ1J" />
  <culture-info current-culture="fr-BE" current-uiculture="en-US" />
  <test-suite name="E:\MyWorks\Kata Contest DB\KataContestDB\DataAccessLayer\bin\Debug\KataContestDAL.dll" success="True" time="0.000" asserts="0">
    <results>
      <test-suite name="KataContestDAL" success="True" time="0.000" asserts="0">
        <results>
          <test-suite name="Tests" success="True" time="0.000" asserts="0">
            <results>
              <test-suite name="DBHelperTest" success="True" time="0.000" asserts="0">
                <results>
                  <test-case name="KataContestDAL.Tests.DBHelperTest.TestCreateConnection" executed="False">
                    <reason>
                      <message><![CDATA[Fixture class is not public]]></message>
                    </reason>
                  </test-case>
                  <test-case name="KataContestDAL.Tests.DBHelperTest.TestDataAdapter" executed="False">
                    <reason>
                      <message><![CDATA[Fixture class is not public]]></message>
                    </reason>
                  </test-case>
                </results>
              </test-suite>
            </results>
          </test-suite>
        </results>
      </test-suite>
    </results>
  </test-suite>
</test-results>