<?xml version="1.0" encoding="utf-8" standalone="no"?>
<!--This file represents the results of running a test suite-->
<test-results name="E:\MyWorks\Kata Contest DB\KataContestDB\DataAccessLayer\KataContestDAL.nunit" total="11" failures="2" not-run="0" date="2008-06-20" time="00:58:34">
  <environment nunit-version="2.4.3.0" clr-version="2.0.50727.1433" os-version="Microsoft Windows NT 5.1.2600 Service Pack 2" platform="Win32NT" cwd="C:\Program Files\NUnit 2.4.3\bin" machine-name="GVHE-WS-226LJ1J" user="GVHE" user-domain="GVHE-WS-226LJ1J" />
  <culture-info current-culture="fr-BE" current-uiculture="en-US" />
  <test-suite name="E:\MyWorks\Kata Contest DB\KataContestDB\DataAccessLayer\KataContestDAL.nunit" success="False" time="1.375" asserts="0">
    <results>
      <test-suite name="E:\MyWorks\Kata Contest DB\KataContestDB\DataAccessLayer\bin\Debug\KataContestDAL.dll" success="False" time="1.344" asserts="0">
        <results>
          <test-suite name="DALHelper" success="False" time="1.344" asserts="0">
            <results>
              <test-suite name="Tests" success="False" time="1.344" asserts="0">
                <results>
                  <test-suite name="DataSetPersistorTest" success="False" time="1.250" asserts="0">
                    <results>
                      <test-case name="DALHelper.Tests.DataSetPersistorTest.AlwaysTrue" executed="True" success="True" time="0.000" asserts="1" />
                      <test-case name="DALHelper.Tests.DataSetPersistorTest.SetAdapterSequenceForDeleteTest" executed="True" success="False" time="0.000" asserts="1">
                        <failure>
                          <message><![CDATA[  Expected: 2
  But was:  0
]]></message>
                          <stack-trace><![CDATA[   at DALHelper.Tests.DataSetPersistorTest.SetAdapterSequenceForDeleteTest() in E:\MyWorks\Kata Contest DB\KataContestDB\DataAccessLayer\Tests\DataSetPersistorTest.cs:line 96
]]></stack-trace>
                        </failure>
                      </test-case>
                      <test-case name="DALHelper.Tests.DataSetPersistorTest.SetAdapterSequenceForUpdateTest" executed="True" success="False" time="0.000" asserts="1">
                        <failure>
                          <message><![CDATA[System.NullReferenceException : Object reference not set to an instance of an object.]]></message>
                          <stack-trace><![CDATA[   at DALHelper.Tests.DataSetPersistorTest.SetAdapterSequenceForUpdateTest() in E:\MyWorks\Kata Contest DB\KataContestDB\DataAccessLayer\Tests\DataSetPersistorTest.cs:line 81
]]></stack-trace>
                        </failure>
                      </test-case>
                    </results>
                  </test-suite>
                  <test-suite name="DataTableHelperTest" success="True" time="0.000" asserts="0">
                    <results>
                      <test-case name="DALHelper.Tests.DataTableHelperTest.AlwaysTrue" executed="True" success="True" time="0.000" asserts="1" />
                      <test-case name="DALHelper.Tests.DataTableHelperTest.TestAddColumn" executed="True" success="True" time="0.000" asserts="1" />
                      <test-case name="DALHelper.Tests.DataTableHelperTest.TestConstructor" executed="True" success="True" time="0.000" asserts="1" />
                      <test-case name="DALHelper.Tests.DataTableHelperTest.TestCreateInsertCommand" executed="True" success="True" time="0.000" asserts="2" />
                      <test-case name="DALHelper.Tests.DataTableHelperTest.TestCreateSelectCommand" executed="True" success="True" time="0.000" asserts="1" />
                      <test-case name="DALHelper.Tests.DataTableHelperTest.TestCreateUpdateCommand" executed="True" success="True" time="0.000" asserts="1" />
                    </results>
                  </test-suite>
                  <test-suite name="DBHelperTest" success="True" time="0.063" asserts="0">
                    <results>
                      <test-case name="DALHelper.Tests.DBHelperTest.AlwaysTrue" executed="True" success="True" time="0.000" asserts="1" />
                      <test-case name="DALHelper.Tests.DBHelperTest.TestCreateConnection" executed="True" success="True" time="0.063" asserts="1" />
                    </results>
                  </test-suite>
                </results>
              </test-suite>
            </results>
          </test-suite>
        </results>
      </test-suite>
    </results>
  </test-suite>
</test-results>